2019-06-29T05:29:53.8879463-07:00;VSTestExecutionThread;Info;SpecFlow+Runner execution started
2019-06-29T05:29:53.8879844-07:00;VSTestExecutionThread;Info;SpecFlow+Runner 3.0.352 in Framework netcore21 in x64 mode execution started
2019-06-29T05:29:53.8879871-07:00;VSTestExecutionThread;Info;TestAdapter Location: D:\Code\VisualStudio\AutomationDemo\bin\Debug\netcoreapp2.1\TechTalk.SpecRun.VisualStudio.TestAdapter.dll
2019-06-29T05:29:53.9283447-07:00;VSTestExecutionThread;Info;SpecRun: running tests in D:\Code\VisualStudio\AutomationDemo\bin\Debug\netcoreapp2.1\WebShopDemo.dll
2019-06-29T05:29:53.9285394-07:00;VSTestExecutionThread;Info;Output folder configured to "D:\Code\VisualStudio\AutomationDemo\TestResults" (default)
2019-06-29T05:29:53.9285947-07:00;VSTestExecutionThread;Info;Profile: 
2019-06-29T05:29:53.9683783-07:00;VSTestExecutionThread;Info;Log file path: D:\Code\VisualStudio\AutomationDemo\TestResults\Unnamed project__2019-06-29T052953.log
2019-06-29T05:29:53.9698789-07:00;VSTestExecutionThread;Error;Invalid project license: The test assembly name must contain the licensed project name
2019-06-29T05:29:53.9769643-07:00;VSTestExecutionThread;Info;SpecFlow+Runner Evaluation Mode: Please purchase at http://www.specflow.org/plus to remove test execution delay.
2019-06-29T05:29:53.9838999-07:00;Thread#12;Info;Checking license
2019-06-29T05:29:53.9840876-07:00;Thread#12;Error;Invalid project license: The test assembly name must contain the licensed project name
2019-06-29T05:29:53.9847298-07:00;Thread#12;Error;Invalid project license: The test assembly name must contain the licensed project name
2019-06-29T05:29:53.9976690-07:00;Thread#12;Info;Evaluation mode: test execution starts in 9 seconds... (this delay is removed in the registered version)
2019-06-29T05:30:02.9995508-07:00;Thread#12;Info;Evaluation delay finished.
2019-06-29T05:30:03.0064503-07:00;Thread#12;Info;License check completed
2019-06-29T05:30:03.0065466-07:00;Thread#12;Info;starting test run
2019-06-29T05:30:03.0213298-07:00;Thread#12;Info;Discovering target: Default
2019-06-29T05:30:03.0214436-07:00;Thread#12;Info;Discovering tests from assembly: D:\Code\VisualStudio\AutomationDemo\bin\Debug\netcoreapp2.1\WebShopDemo.dll
2019-06-29T05:30:03.1811506-07:00;Thread#12;Info;Discovered tests from assembly: D:\Code\VisualStudio\AutomationDemo\bin\Debug\netcoreapp2.1\WebShopDemo.dll
2019-06-29T05:30:03.1819517-07:00:Test Suite Dump
2019-06-29T05:30:03.1832418-07:00:#0: Unnamed project/ - 
2019-06-29T05:30:03.1832521-07:00:#1: Default - 
2019-06-29T05:30:03.1832536-07:00:#2: WebShopDemo - 
2019-06-29T05:30:03.1832545-07:00:#3: UserRegistration - 
2019-06-29T05:30:03.1832637-07:00:#5: Attempt to begin registration with invalid email, 1234125 - TestAssembly:WebShopDemo/Feature:UserRegistration/Scenario:Attempt+to+begin+registration+with+invalid+email%2c+1234125
2019-06-29T05:30:03.1833056-07:00:End: Test Suite Dump
2019-06-29T05:30:03.1964685-07:00:Thread#0:Scheduler: get next test for thread 0
2019-06-29T05:30:03.1980673-07:00:Thread#:Scheduler: testitem #5 from normal test queue 
2019-06-29T05:30:03.1981147-07:00:Thread#0:Scheduler: considering testitem #5 for thread 0
2019-06-29T05:30:03.2006160-07:00:Thread#0:TestItem#5:testItemMatchesCurrentTestThread:UnSpecific
2019-06-29T05:30:03.2006245-07:00:Thread#0:TestItem#5:runsOnOneOtherThreadSpecific:False
2019-06-29T05:30:03.2006259-07:00:Thread#0:TestItem#5:runsOnOneOtherThreadUnspecific:False
2019-06-29T05:30:03.2006275-07:00:Thread#0:Scheduler: using testitem #5 for thread 0
2019-06-29T05:30:03.2015383-07:00:Thread#0:Scheduler: Test #5 is scheduled for thread
2019-06-29T05:30:03.2022737-07:00:Thread#0:Scheduler: with testItemExecutionIndex 0
2019-06-29T05:30:03.2042199-07:00:Thread #0: creating new test thread executor for WebShopDemo, Version=1.0.0.0, Culture=neutral, PublicKeyToken=null (target: Default)
2019-06-29T05:30:03.2056601-07:00:Thread #0: Creating test assembly executor for execution model OutProc
2019-06-29T05:30:03.2061241-07:00:Thread #0: Creating test assembly executor for execution model OutProc
2019-06-29T05:30:03.2064323-07:00:using TechTalk.SpecRun.Framework.Execution.OutOfProc.StreamJsonRPC.OutOfProcessTestAssemblyExecutorHost to execute tests
2019-06-29T05:30:03.2174196-07:00:Assembly resolving Microsoft.VisualStudio.Validation, Version=15.3.0.0, Culture=neutral, PublicKeyToken=b03f5f7f11d50a3a
2019-06-29T05:30:03.2317103-07:00:starting Out Of Process Executor
2019-06-29T05:30:03.3147174-07:00:Executing test executor at 'C:\Program Files\dotnet\dotnet.exe' '"D:\Code\VisualStudio\AutomationDemo\bin\Debug\netcoreapp2.1\SpecFlowPlusRunner\netcoreapp2.1\TechTalk.SpecRun.Framework.Executor.anycpu.netcoreapp2_1.dll" 7336 2019-06-29T052953 "D:\Code\VisualStudio\AutomationDemo\TestResults" debug' in 'D:\Code\VisualStudio\AutomationDemo\bin\Debug\netcoreapp2.1'
2019-06-29T05:30:03.3155477-07:00;Thread#12;Info;Starting SpecFlow+ Runner executor process with attached debugger...
2019-06-29T05:30:03.3330865-07:00;Thread#12;Info;Successfully started SpecFlow+ Runner executor process
2019-06-29T05:30:03.3332134-07:00:Entering Memory Barrier for 19356
2019-06-29T05:30:03.3332151-07:00:Leaving Memory Barrier for 19356
2019-06-29T05:30:03.3362672-07:00:Out of Process Executor 19356 started
2019-06-29T05:30:03.3483097-07:00:Waiting for endpoint
2019-06-29T05:30:03.3492674-07:00:trying to connect to Out of Process Executor the 1 attempt
2019-06-29T05:30:03.6631508-07:00:waiting for Connection of SpecRun.Executor.19356.Logger ended
2019-06-29T05:30:03.6669238-07:00:Assembly resolving Microsoft.VisualStudio.Threading, Version=15.3.0.0, Culture=neutral, PublicKeyToken=b03f5f7f11d50a3a
2019-06-29T05:30:03.7373775-07:00:Connection to Out of Process Executor established in the 1 attempt
2019-06-29T05:30:03.9849758-07:00:waiting for Connection of SpecRun.Executor.19356.Callback ended
2019-06-29T05:30:04.1164618-07:00:2019-06-29T05:30:04.0561686-07:00:OutOfProcessTestAssemblyExecutor: initialized for D:\Code\VisualStudio\AutomationDemo\bin\Debug\netcoreapp2.1\WebShopDemo.dll on test thread #0
2019-06-29T05:30:04.1258299-07:00:Endpoint 19356 started
2019-06-29T05:30:04.1406684-07:00:2019-06-29T05:30:04.1396305-07:00:OutOfProcessTestAssemblyExecutor: running tests...
2019-06-29T05:30:04.2135305-07:00:Thread#0: Test #5/0 is started on thread #0
2019-06-29T05:30:04.2260865-07:00:2019-06-29T05:30:04.2255024-07:00:Thread#0:T:2019-06-29T05:30:04.2241804-07:00:Assembly resolving TechTalk.SpecFlow, Version=3.0.0.0, Culture=neutral, PublicKeyToken=0778194805d6db41
2019-06-29T05:30:04.3562794-07:00:2019-06-29T05:30:04.3551275-07:00:Thread#0:T:-> Loading plugin D:\Code\VisualStudio\AutomationDemo\bin\Debug\netcoreapp2.1\SpecRun.Runtime.SpecFlowPlugin.dll
2019-06-29T05:30:04.3615980-07:00:2019-06-29T05:30:04.3612126-07:00:Thread#0:T:2019-06-29T05:30:04.3611174-07:00:Assembly resolving TechTalk.SpecFlow, Version=3.0.0.0, Culture=neutral, PublicKeyToken=0778194805d6db41
2019-06-29T05:30:04.3655044-07:00:2019-06-29T05:30:04.3648225-07:00:Thread#0:T:-> Using default config
2019-06-29T05:30:04.4117004-07:00:2019-06-29T05:30:04.4108105-07:00:Thread#0:T:2019-06-29T05:30:04.4106633-07:00:Assembly resolving WebDriver, Version=3.141.0.0, Culture=neutral, PublicKeyToken=null
2019-06-29T05:30:06.0198597-07:00:2019-06-29T05:30:06.0193008-07:00:Thread#0:B:Given I am an unregistered user
2019-06-29T05:30:06.0335197-07:00:2019-06-29T05:30:06.0318973-07:00:Thread#0:T:done: UserRegistrationSteps.GivenIAmAnUnregisteredUser() (0.0s)
2019-06-29T05:30:06.0353505-07:00:2019-06-29T05:30:06.0347904-07:00:Thread#0:B:And I have navigated to the Sign in page
2019-06-29T05:30:08.3577580-07:00:2019-06-29T05:30:08.3569651-07:00:Thread#0:T:done: UserRegistrationSteps.GivenIHaveNavigatedToTheSignInPage() (2.3s)
2019-06-29T05:30:08.3590340-07:00:2019-06-29T05:30:08.3585997-07:00:Thread#0:B:When I attempt to begin registration using the email adress "1234125"
2019-06-29T05:30:08.5112355-07:00:2019-06-29T05:30:08.5107269-07:00:Thread#0:T:done: UserRegistrationSteps.WhenIAttemptToBeginRegistrationUsingTheEmailAdress("1234125") (0.1s)
2019-06-29T05:30:08.5146258-07:00:2019-06-29T05:30:08.5142579-07:00:Thread#0:B:Then I should not be taken to the Account Creation page
2019-06-29T05:30:08.5158326-07:00:2019-06-29T05:30:08.5154484-07:00:Thread#0:T:2019-06-29T05:30:08.5153573-07:00:Assembly resolving nunit.framework, Version=3.12.0.0, Culture=neutral, PublicKeyToken=2638cd05610744eb
2019-06-29T05:30:08.5304339-07:00:2019-06-29T05:30:08.5294543-07:00:Thread#0:T:done: UserRegistrationSteps.ThenIShouldNotBeTakenToTheAccountCreationPage() (0.0s)
2019-06-29T05:30:08.5313419-07:00:2019-06-29T05:30:08.5309877-07:00:Thread#0:B:And I should see an alert indicating the email address entered is invalid
2019-06-29T05:30:10.9470402-07:00:RPC Client disconnected, because 'Disposed'. 
LastMessage: 
Description:Reached end of stream.
Exception:<none>
2019-06-29T05:30:10.9501303-07:00:test thread #0 error: System.Threading.Tasks.TaskCanceledException: A task was canceled.
   at StreamJsonRpc.JsonRpc.InvokeCoreAsync[TResult](Nullable`1 id, String targetName, IReadOnlyList`1 arguments, CancellationToken cancellationToken, Boolean isParameterObject)
   at TechTalk.SpecFlow.Plus.RPC.Client.Invoke[T](String methodName, Object[] parameters)
   at TechTalk.SpecFlow.Plus.RPC.AsyncHelper.RunSync[TResult](Func`1 func)
   at TechTalk.SpecRun.Framework.TestThread.Run(ITestExecutionManager executionManagerForRun, CancellationToken cancellationToken)
   at TechTalk.SpecRun.Framework.AsyncTestThreadRunner.RunSync(TestExecutionManager executionManager, CancellationToken cancellationToken)
2019-06-29T05:30:10.9510883-07:00:test thread error: TechTalk.SpecRun.Framework.SpecRunException: At least one test thread aborted. ---> System.Threading.Tasks.TaskCanceledException: A task was canceled.
   at StreamJsonRpc.JsonRpc.InvokeCoreAsync[TResult](Nullable`1 id, String targetName, IReadOnlyList`1 arguments, CancellationToken cancellationToken, Boolean isParameterObject)
   at TechTalk.SpecFlow.Plus.RPC.Client.Invoke[T](String methodName, Object[] parameters)
   at TechTalk.SpecFlow.Plus.RPC.AsyncHelper.RunSync[TResult](Func`1 func)
   at TechTalk.SpecRun.Framework.TestThread.Run(ITestExecutionManager executionManagerForRun, CancellationToken cancellationToken)
   at TechTalk.SpecRun.Framework.AsyncTestThreadRunner.RunSync(TestExecutionManager executionManager, CancellationToken cancellationToken)
   --- End of inner exception stack trace ---
2019-06-29T05:30:10.9556715-07:00:Thread#-1:Scheduler: get next test for thread -1
2019-06-29T05:30:10.9556872-07:00:Thread#:Scheduler: at the end of normal test queue
2019-06-29T05:30:10.9556923-07:00:Thread#-1:Scheduler: enumerator for thread is at end
2019-06-29T05:30:10.9579696-07:00;Thread#12;Info;test run finished
2019-06-29T05:30:10.9580696-07:00;Thread#12;Info;publishing test results
2019-06-29T05:30:10.9581914-07:00;Thread#12;Info;Not publishing results.
2019-06-29T05:30:10.9582333-07:00;Thread#12;Info;test results published
2019-06-29T05:30:10.9582523-07:00;Thread#12;Info;generating reports
2019-06-29T05:30:11.0134589-07:00;Thread#12;Info;Starting external report generation process
2019-06-29T05:30:11.8911277-07:00;Thread#12;Info;Successfully generated reports.
2019-06-29T05:30:11.8921282-07:00;Thread#12;Info;Successfully generated reports
2019-06-29T05:30:11.8994975-07:00:Total: 1 (test executions: 0)
2019-06-29T05:30:11.9016278-07:00:Succeeded: 0
2019-06-29T05:30:11.9021657-07:00:Ignored: 0
2019-06-29T05:30:11.9026458-07:00:Pending: 0
2019-06-29T05:30:11.9026540-07:00:Skipped: 0
2019-06-29T05:30:11.9030508-07:00:Failed: 0
2019-06-29T05:30:11.9048500-07:00;VSTestExecutionThread;Info;Adding attachments to VSTest
2019-06-29T05:30:11.9048909-07:00;VSTestExecutionThread;Info;adding Test Execution Report 'D:\Code\VisualStudio\AutomationDemo\TestResults\Unnamed project__2019-06-29T052953.html'
========== End of log file ==========
