2019-06-29T05:36:09.0032002-07:00;VSTestExecutionThread;Info;SpecFlow+Runner execution started
2019-06-29T05:36:09.0032397-07:00;VSTestExecutionThread;Info;SpecFlow+Runner 3.0.352 in Framework netcore21 in x64 mode execution started
2019-06-29T05:36:09.0032420-07:00;VSTestExecutionThread;Info;TestAdapter Location: D:\Code\VisualStudio\AutomationDemo\bin\Debug\netcoreapp2.1\TechTalk.SpecRun.VisualStudio.TestAdapter.dll
2019-06-29T05:36:09.0438043-07:00;VSTestExecutionThread;Info;SpecRun: running tests in D:\Code\VisualStudio\AutomationDemo\bin\Debug\netcoreapp2.1\WebShopDemo.dll
2019-06-29T05:36:09.0439896-07:00;VSTestExecutionThread;Info;Output folder configured to "D:\Code\VisualStudio\AutomationDemo\TestResults" (default)
2019-06-29T05:36:09.0440500-07:00;VSTestExecutionThread;Info;Profile: 
2019-06-29T05:36:09.0732237-07:00;VSTestExecutionThread;Info;Log file path: D:\Code\VisualStudio\AutomationDemo\TestResults\Unnamed project__2019-06-29T053609.log
2019-06-29T05:36:09.0744020-07:00;VSTestExecutionThread;Error;Invalid project license: The test assembly name must contain the licensed project name
2019-06-29T05:36:09.0775822-07:00;VSTestExecutionThread;Info;SpecFlow+Runner Evaluation Mode: Please purchase at http://www.specflow.org/plus to remove test execution delay.
2019-06-29T05:36:09.0815982-07:00;Thread#12;Info;Checking license
2019-06-29T05:36:09.0817881-07:00;Thread#12;Error;Invalid project license: The test assembly name must contain the licensed project name
2019-06-29T05:36:09.0824483-07:00;Thread#12;Error;Invalid project license: The test assembly name must contain the licensed project name
2019-06-29T05:36:09.0936749-07:00;Thread#12;Info;Evaluation mode: test execution starts in 13 seconds... (this delay is removed in the registered version)
2019-06-29T05:36:22.0947634-07:00;Thread#12;Info;Evaluation delay finished.
2019-06-29T05:36:22.1017131-07:00;Thread#12;Info;License check completed
2019-06-29T05:36:22.1018062-07:00;Thread#12;Info;starting test run
2019-06-29T05:36:22.1059176-07:00;Thread#12;Info;Discovering target: Default
2019-06-29T05:36:22.1060095-07:00;Thread#12;Info;Discovering tests from assembly: D:\Code\VisualStudio\AutomationDemo\bin\Debug\netcoreapp2.1\WebShopDemo.dll
2019-06-29T05:36:22.1684537-07:00;Thread#12;Info;Discovered tests from assembly: D:\Code\VisualStudio\AutomationDemo\bin\Debug\netcoreapp2.1\WebShopDemo.dll
2019-06-29T05:36:22.1694353-07:00:Test Suite Dump
2019-06-29T05:36:22.1707366-07:00:#0: Unnamed project/ - 
2019-06-29T05:36:22.1707510-07:00:#1: Default - 
2019-06-29T05:36:22.1707525-07:00:#2: WebShopDemo - 
2019-06-29T05:36:22.1707537-07:00:#3: UserRegistration - 
2019-06-29T05:36:22.1707662-07:00:#5: Attempt to begin registration with invalid email, 1234125 - TestAssembly:WebShopDemo/Feature:UserRegistration/Scenario:Attempt+to+begin+registration+with+invalid+email%2c+1234125
2019-06-29T05:36:22.1708037-07:00:End: Test Suite Dump
2019-06-29T05:36:22.1840313-07:00:Thread#0:Scheduler: get next test for thread 0
2019-06-29T05:36:22.1855633-07:00:Thread#:Scheduler: testitem #5 from normal test queue 
2019-06-29T05:36:22.1856086-07:00:Thread#0:Scheduler: considering testitem #5 for thread 0
2019-06-29T05:36:22.1880202-07:00:Thread#0:TestItem#5:testItemMatchesCurrentTestThread:UnSpecific
2019-06-29T05:36:22.1880280-07:00:Thread#0:TestItem#5:runsOnOneOtherThreadSpecific:False
2019-06-29T05:36:22.1880296-07:00:Thread#0:TestItem#5:runsOnOneOtherThreadUnspecific:False
2019-06-29T05:36:22.1880382-07:00:Thread#0:Scheduler: using testitem #5 for thread 0
2019-06-29T05:36:22.1889271-07:00:Thread#0:Scheduler: Test #5 is scheduled for thread
2019-06-29T05:36:22.1898393-07:00:Thread#0:Scheduler: with testItemExecutionIndex 0
2019-06-29T05:36:22.1917895-07:00:Thread #0: creating new test thread executor for WebShopDemo, Version=1.0.0.0, Culture=neutral, PublicKeyToken=null (target: Default)
2019-06-29T05:36:22.1932323-07:00:Thread #0: Creating test assembly executor for execution model OutProc
2019-06-29T05:36:22.1936889-07:00:Thread #0: Creating test assembly executor for execution model OutProc
2019-06-29T05:36:22.1939858-07:00:using TechTalk.SpecRun.Framework.Execution.OutOfProc.StreamJsonRPC.OutOfProcessTestAssemblyExecutorHost to execute tests
2019-06-29T05:36:22.1960078-07:00:Assembly resolving Microsoft.VisualStudio.Validation, Version=15.3.0.0, Culture=neutral, PublicKeyToken=b03f5f7f11d50a3a
2019-06-29T05:36:22.2036052-07:00:starting Out Of Process Executor
2019-06-29T05:36:22.2691925-07:00:Executing test executor at 'C:\Program Files\dotnet\dotnet.exe' '"D:\Code\VisualStudio\AutomationDemo\bin\Debug\netcoreapp2.1\SpecFlowPlusRunner\netcoreapp2.1\TechTalk.SpecRun.Framework.Executor.anycpu.netcoreapp2_1.dll" 15936 2019-06-29T053609 "D:\Code\VisualStudio\AutomationDemo\TestResults"' in 'D:\Code\VisualStudio\AutomationDemo\bin\Debug\netcoreapp2.1'
2019-06-29T05:36:22.2751357-07:00:Entering Memory Barrier for 15548
2019-06-29T05:36:22.2751448-07:00:Leaving Memory Barrier for 15548
2019-06-29T05:36:22.2780046-07:00:Out of Process Executor 15548 started
2019-06-29T05:36:22.2804935-07:00:Waiting for endpoint
2019-06-29T05:36:22.2814647-07:00:trying to connect to Out of Process Executor the 1 attempt
2019-06-29T05:36:22.3460799-07:00:waiting for Connection of SpecRun.Executor.15548.Logger ended
2019-06-29T05:36:22.3475480-07:00:Assembly resolving Microsoft.VisualStudio.Threading, Version=15.3.0.0, Culture=neutral, PublicKeyToken=b03f5f7f11d50a3a
2019-06-29T05:36:22.3656894-07:00:Connection to Out of Process Executor established in the 1 attempt
2019-06-29T05:36:22.5339770-07:00:waiting for Connection of SpecRun.Executor.15548.Callback ended
2019-06-29T05:36:22.6433554-07:00:2019-06-29T05:36:22.5843597-07:00:OutOfProcessTestAssemblyExecutor: initialized for D:\Code\VisualStudio\AutomationDemo\bin\Debug\netcoreapp2.1\WebShopDemo.dll on test thread #0
2019-06-29T05:36:22.6518865-07:00:Endpoint 15548 started
2019-06-29T05:36:22.6657833-07:00:2019-06-29T05:36:22.6654535-07:00:OutOfProcessTestAssemblyExecutor: running tests...
2019-06-29T05:36:22.7340329-07:00:Thread#0: Test #5/0 is started on thread #0
2019-06-29T05:36:22.7406818-07:00:2019-06-29T05:36:22.7403115-07:00:Thread#0:T:2019-06-29T05:36:22.7389361-07:00:Assembly resolving TechTalk.SpecFlow, Version=3.0.0.0, Culture=neutral, PublicKeyToken=0778194805d6db41
2019-06-29T05:36:22.8247698-07:00:2019-06-29T05:36:22.8245131-07:00:Thread#0:T:-> Loading plugin D:\Code\VisualStudio\AutomationDemo\bin\Debug\netcoreapp2.1\SpecRun.Runtime.SpecFlowPlugin.dll
2019-06-29T05:36:22.8261131-07:00:2019-06-29T05:36:22.8258104-07:00:Thread#0:T:2019-06-29T05:36:22.8256859-07:00:Assembly resolving TechTalk.SpecFlow, Version=3.0.0.0, Culture=neutral, PublicKeyToken=0778194805d6db41
2019-06-29T05:36:22.8290935-07:00:2019-06-29T05:36:22.8288842-07:00:Thread#0:T:-> Using default config
2019-06-29T05:36:22.8684141-07:00:2019-06-29T05:36:22.8680684-07:00:Thread#0:T:2019-06-29T05:36:22.8679430-07:00:Assembly resolving WebDriver, Version=3.141.0.0, Culture=neutral, PublicKeyToken=null
2019-06-29T05:36:24.4523644-07:00:2019-06-29T05:36:24.4518695-07:00:Thread#0:B:Given I am an unregistered user
2019-06-29T05:36:24.4636217-07:00:2019-06-29T05:36:24.4627310-07:00:Thread#0:T:done: UserRegistrationSteps.GivenIAmAnUnregisteredUser() (0.0s)
2019-06-29T05:36:24.4649136-07:00:2019-06-29T05:36:24.4645835-07:00:Thread#0:B:And I have navigated to the Sign in page
2019-06-29T05:36:26.3630065-07:00:2019-06-29T05:36:26.3627024-07:00:Thread#0:T:done: UserRegistrationSteps.GivenIHaveNavigatedToTheSignInPage() (1.9s)
2019-06-29T05:36:26.3638254-07:00:2019-06-29T05:36:26.3636180-07:00:Thread#0:B:When I attempt to begin registration using the email adress "1234125"
2019-06-29T05:36:26.5058305-07:00:2019-06-29T05:36:26.5056373-07:00:Thread#0:T:done: UserRegistrationSteps.WhenIAttemptToBeginRegistrationUsingTheEmailAdress("1234125") (0.1s)
2019-06-29T05:36:26.5063721-07:00:2019-06-29T05:36:26.5062186-07:00:Thread#0:B:Then I should not be taken to the Account Creation page
2019-06-29T05:36:26.5070525-07:00:2019-06-29T05:36:26.5069083-07:00:Thread#0:T:2019-06-29T05:36:26.5068122-07:00:Assembly resolving nunit.framework, Version=3.12.0.0, Culture=neutral, PublicKeyToken=2638cd05610744eb
2019-06-29T05:36:26.5164772-07:00:2019-06-29T05:36:26.5162482-07:00:Thread#0:T:done: UserRegistrationSteps.ThenIShouldNotBeTakenToTheAccountCreationPage() (0.0s)
2019-06-29T05:36:26.5168709-07:00:2019-06-29T05:36:26.5166769-07:00:Thread#0:B:And I should see an alert indicating the email address entered is invalid
2019-06-29T05:36:37.5968391-07:00:RPC Client disconnected, because 'Disposed'. 
LastMessage: 
Description:Reached end of stream.
Exception:<none>
2019-06-29T05:36:37.5990714-07:00:test thread #0 error: System.Threading.Tasks.TaskCanceledException: A task was canceled.
   at StreamJsonRpc.JsonRpc.InvokeCoreAsync[TResult](Nullable`1 id, String targetName, IReadOnlyList`1 arguments, CancellationToken cancellationToken, Boolean isParameterObject)
   at TechTalk.SpecFlow.Plus.RPC.Client.Invoke[T](String methodName, Object[] parameters)
   at TechTalk.SpecFlow.Plus.RPC.AsyncHelper.RunSync[TResult](Func`1 func)
   at TechTalk.SpecRun.Framework.TestThread.Run(ITestExecutionManager executionManagerForRun, CancellationToken cancellationToken)
   at TechTalk.SpecRun.Framework.AsyncTestThreadRunner.RunSync(TestExecutionManager executionManager, CancellationToken cancellationToken)
2019-06-29T05:36:37.6000408-07:00:test thread error: TechTalk.SpecRun.Framework.SpecRunException: At least one test thread aborted. ---> System.Threading.Tasks.TaskCanceledException: A task was canceled.
   at StreamJsonRpc.JsonRpc.InvokeCoreAsync[TResult](Nullable`1 id, String targetName, IReadOnlyList`1 arguments, CancellationToken cancellationToken, Boolean isParameterObject)
   at TechTalk.SpecFlow.Plus.RPC.Client.Invoke[T](String methodName, Object[] parameters)
   at TechTalk.SpecFlow.Plus.RPC.AsyncHelper.RunSync[TResult](Func`1 func)
   at TechTalk.SpecRun.Framework.TestThread.Run(ITestExecutionManager executionManagerForRun, CancellationToken cancellationToken)
   at TechTalk.SpecRun.Framework.AsyncTestThreadRunner.RunSync(TestExecutionManager executionManager, CancellationToken cancellationToken)
   --- End of inner exception stack trace ---
2019-06-29T05:36:37.6046999-07:00:Thread#-1:Scheduler: get next test for thread -1
2019-06-29T05:36:37.6047178-07:00:Thread#:Scheduler: at the end of normal test queue
2019-06-29T05:36:37.6047199-07:00:Thread#-1:Scheduler: enumerator for thread is at end
2019-06-29T05:36:37.6068268-07:00;Thread#12;Info;test run finished
2019-06-29T05:36:37.6069279-07:00;Thread#12;Info;publishing test results
2019-06-29T05:36:37.6070270-07:00;Thread#12;Info;Not publishing results.
2019-06-29T05:36:37.6070732-07:00;Thread#12;Info;test results published
2019-06-29T05:36:37.6071270-07:00;Thread#12;Info;generating reports
2019-06-29T05:36:37.6623291-07:00;Thread#12;Info;Starting external report generation process
2019-06-29T05:36:38.5594307-07:00;Thread#12;Info;Successfully generated reports.
2019-06-29T05:36:38.5603808-07:00;Thread#12;Info;Successfully generated reports
2019-06-29T05:36:38.5647120-07:00:Total: 1 (test executions: 0)
2019-06-29T05:36:38.5664645-07:00:Succeeded: 0
2019-06-29T05:36:38.5668483-07:00:Ignored: 0
2019-06-29T05:36:38.5672116-07:00:Pending: 0
2019-06-29T05:36:38.5672172-07:00:Skipped: 0
2019-06-29T05:36:38.5675774-07:00:Failed: 0
2019-06-29T05:36:38.5691189-07:00;VSTestExecutionThread;Info;Adding attachments to VSTest
2019-06-29T05:36:38.5691413-07:00;VSTestExecutionThread;Info;adding Test Execution Report 'D:\Code\VisualStudio\AutomationDemo\TestResults\Unnamed project__2019-06-29T053609.html'
========== End of log file ==========
