2019-06-29T05:26:47.4548555-07:00;VSTestExecutionThread;Info;SpecFlow+Runner execution started
2019-06-29T05:26:47.4548993-07:00;VSTestExecutionThread;Info;SpecFlow+Runner 3.0.352 in Framework netcore21 in x64 mode execution started
2019-06-29T05:26:47.4549018-07:00;VSTestExecutionThread;Info;TestAdapter Location: D:\Code\VisualStudio\AutomationDemo\bin\Debug\netcoreapp2.1\TechTalk.SpecRun.VisualStudio.TestAdapter.dll
2019-06-29T05:26:47.4877982-07:00;VSTestExecutionThread;Info;SpecRun: running tests in D:\Code\VisualStudio\AutomationDemo\bin\Debug\netcoreapp2.1\WebShopDemo.dll
2019-06-29T05:26:47.4879813-07:00;VSTestExecutionThread;Info;Output folder configured to "D:\Code\VisualStudio\AutomationDemo\TestResults" (default)
2019-06-29T05:26:47.4880266-07:00;VSTestExecutionThread;Info;Profile: 
2019-06-29T05:26:47.5130293-07:00;VSTestExecutionThread;Info;Log file path: D:\Code\VisualStudio\AutomationDemo\TestResults\Unnamed project__2019-06-29T052647.log
2019-06-29T05:26:47.5142277-07:00;VSTestExecutionThread;Error;Invalid project license: The test assembly name must contain the licensed project name
2019-06-29T05:26:47.5172923-07:00;VSTestExecutionThread;Info;SpecFlow+Runner Evaluation Mode: Please purchase at http://www.specflow.org/plus to remove test execution delay.
2019-06-29T05:26:47.5212272-07:00;Thread#12;Info;Checking license
2019-06-29T05:26:47.5213894-07:00;Thread#12;Error;Invalid project license: The test assembly name must contain the licensed project name
2019-06-29T05:26:47.5219883-07:00;Thread#12;Error;Invalid project license: The test assembly name must contain the licensed project name
2019-06-29T05:26:47.5339843-07:00;Thread#12;Info;Evaluation mode: test execution starts in 9 seconds... (this delay is removed in the registered version)
2019-06-29T05:26:56.5344742-07:00;Thread#12;Info;Evaluation delay finished.
2019-06-29T05:26:56.5409807-07:00;Thread#12;Info;License check completed
2019-06-29T05:26:56.5410795-07:00;Thread#12;Info;starting test run
2019-06-29T05:26:56.5450499-07:00;Thread#12;Info;Discovering target: Default
2019-06-29T05:26:56.5451167-07:00;Thread#12;Info;Discovering tests from assembly: D:\Code\VisualStudio\AutomationDemo\bin\Debug\netcoreapp2.1\WebShopDemo.dll
2019-06-29T05:26:56.6058365-07:00;Thread#12;Info;Discovered tests from assembly: D:\Code\VisualStudio\AutomationDemo\bin\Debug\netcoreapp2.1\WebShopDemo.dll
2019-06-29T05:26:56.6066214-07:00:Test Suite Dump
2019-06-29T05:26:56.6078628-07:00:#0: Unnamed project/ - 
2019-06-29T05:26:56.6078728-07:00:#1: Default - 
2019-06-29T05:26:56.6078741-07:00:#2: WebShopDemo - 
2019-06-29T05:26:56.6078750-07:00:#3: UserRegistration - 
2019-06-29T05:26:56.6078839-07:00:#7: Attempt to begin registration with invalid email, @domain.com - TestAssembly:WebShopDemo/Feature:UserRegistration/Scenario:Attempt+to+begin+registration+with+invalid+email%2c+%40domain.com
2019-06-29T05:26:56.6079251-07:00:End: Test Suite Dump
2019-06-29T05:26:56.6206172-07:00:Thread#0:Scheduler: get next test for thread 0
2019-06-29T05:26:56.6221250-07:00:Thread#:Scheduler: testitem #7 from normal test queue 
2019-06-29T05:26:56.6221676-07:00:Thread#0:Scheduler: considering testitem #7 for thread 0
2019-06-29T05:26:56.6246170-07:00:Thread#0:TestItem#7:testItemMatchesCurrentTestThread:UnSpecific
2019-06-29T05:26:56.6246251-07:00:Thread#0:TestItem#7:runsOnOneOtherThreadSpecific:False
2019-06-29T05:26:56.6246264-07:00:Thread#0:TestItem#7:runsOnOneOtherThreadUnspecific:False
2019-06-29T05:26:56.6246281-07:00:Thread#0:Scheduler: using testitem #7 for thread 0
2019-06-29T05:26:56.6255160-07:00:Thread#0:Scheduler: Test #7 is scheduled for thread
2019-06-29T05:26:56.6262129-07:00:Thread#0:Scheduler: with testItemExecutionIndex 0
2019-06-29T05:26:56.6281056-07:00:Thread #0: creating new test thread executor for WebShopDemo, Version=1.0.0.0, Culture=neutral, PublicKeyToken=null (target: Default)
2019-06-29T05:26:56.6295638-07:00:Thread #0: Creating test assembly executor for execution model OutProc
2019-06-29T05:26:56.6300236-07:00:Thread #0: Creating test assembly executor for execution model OutProc
2019-06-29T05:26:56.6303289-07:00:using TechTalk.SpecRun.Framework.Execution.OutOfProc.StreamJsonRPC.OutOfProcessTestAssemblyExecutorHost to execute tests
2019-06-29T05:26:56.6321529-07:00:Assembly resolving Microsoft.VisualStudio.Validation, Version=15.3.0.0, Culture=neutral, PublicKeyToken=b03f5f7f11d50a3a
2019-06-29T05:26:56.6393371-07:00:starting Out Of Process Executor
2019-06-29T05:26:56.7026365-07:00:Executing test executor at 'C:\Program Files\dotnet\dotnet.exe' '"D:\Code\VisualStudio\AutomationDemo\bin\Debug\netcoreapp2.1\SpecFlowPlusRunner\netcoreapp2.1\TechTalk.SpecRun.Framework.Executor.anycpu.netcoreapp2_1.dll" 10692 2019-06-29T052647 "D:\Code\VisualStudio\AutomationDemo\TestResults"' in 'D:\Code\VisualStudio\AutomationDemo\bin\Debug\netcoreapp2.1'
2019-06-29T05:26:56.7088307-07:00:Entering Memory Barrier for 22896
2019-06-29T05:26:56.7088404-07:00:Leaving Memory Barrier for 22896
2019-06-29T05:26:56.7116997-07:00:Out of Process Executor 22896 started
2019-06-29T05:26:56.7142132-07:00:Waiting for endpoint
2019-06-29T05:26:56.7151801-07:00:trying to connect to Out of Process Executor the 1 attempt
2019-06-29T05:26:56.7848845-07:00:waiting for Connection of SpecRun.Executor.22896.Logger ended
2019-06-29T05:26:56.7862964-07:00:Assembly resolving Microsoft.VisualStudio.Threading, Version=15.3.0.0, Culture=neutral, PublicKeyToken=b03f5f7f11d50a3a
2019-06-29T05:26:56.8045338-07:00:Connection to Out of Process Executor established in the 1 attempt
2019-06-29T05:26:56.9843932-07:00:waiting for Connection of SpecRun.Executor.22896.Callback ended
2019-06-29T05:26:57.0948745-07:00:2019-06-29T05:26:57.0356322-07:00:OutOfProcessTestAssemblyExecutor: initialized for D:\Code\VisualStudio\AutomationDemo\bin\Debug\netcoreapp2.1\WebShopDemo.dll on test thread #0
2019-06-29T05:26:57.1035983-07:00:Endpoint 22896 started
2019-06-29T05:26:57.1179569-07:00:2019-06-29T05:26:57.1176158-07:00:OutOfProcessTestAssemblyExecutor: running tests...
2019-06-29T05:26:57.1870283-07:00:Thread#0: Test #7/0 is started on thread #0
2019-06-29T05:26:57.1937980-07:00:2019-06-29T05:26:57.1934981-07:00:Thread#0:T:2019-06-29T05:26:57.1918672-07:00:Assembly resolving TechTalk.SpecFlow, Version=3.0.0.0, Culture=neutral, PublicKeyToken=0778194805d6db41
2019-06-29T05:26:57.2829286-07:00:2019-06-29T05:26:57.2826587-07:00:Thread#0:T:-> Loading plugin D:\Code\VisualStudio\AutomationDemo\bin\Debug\netcoreapp2.1\SpecRun.Runtime.SpecFlowPlugin.dll
2019-06-29T05:26:57.2844431-07:00:2019-06-29T05:26:57.2841161-07:00:Thread#0:T:2019-06-29T05:26:57.2839852-07:00:Assembly resolving TechTalk.SpecFlow, Version=3.0.0.0, Culture=neutral, PublicKeyToken=0778194805d6db41
2019-06-29T05:26:57.2875316-07:00:2019-06-29T05:26:57.2873283-07:00:Thread#0:T:-> Using default config
2019-06-29T05:26:57.3271526-07:00:2019-06-29T05:26:57.3268029-07:00:Thread#0:T:2019-06-29T05:26:57.3266730-07:00:Assembly resolving WebDriver, Version=3.141.0.0, Culture=neutral, PublicKeyToken=null
2019-06-29T05:26:58.8642374-07:00:2019-06-29T05:26:58.8638674-07:00:Thread#0:B:Given I am an unregistered user
2019-06-29T05:26:58.8759142-07:00:2019-06-29T05:26:58.8749640-07:00:Thread#0:T:done: UserRegistrationSteps.GivenIAmAnUnregisteredUser() (0.0s)
2019-06-29T05:26:58.8775089-07:00:2019-06-29T05:26:58.8771222-07:00:Thread#0:B:And I have navigated to the Sign in page
2019-06-29T05:27:00.7404565-07:00:2019-06-29T05:27:00.7401250-07:00:Thread#0:T:done: UserRegistrationSteps.GivenIHaveNavigatedToTheSignInPage() (1.9s)
2019-06-29T05:27:00.7412573-07:00:2019-06-29T05:27:00.7409742-07:00:Thread#0:B:When I attempt to begin registration using the email adress "@domain.com"
2019-06-29T05:27:00.8907313-07:00:2019-06-29T05:27:00.8904200-07:00:Thread#0:T:done: UserRegistrationSteps.WhenIAttemptToBeginRegistrationUsingTheEmailAdress("@domain.com") (0.1s)
2019-06-29T05:27:00.8915232-07:00:2019-06-29T05:27:00.8912363-07:00:Thread#0:B:Then I should not be taken to the Account Creation page
2019-06-29T05:27:00.8925212-07:00:2019-06-29T05:27:00.8922524-07:00:Thread#0:T:2019-06-29T05:27:00.8921601-07:00:Assembly resolving nunit.framework, Version=3.12.0.0, Culture=neutral, PublicKeyToken=2638cd05610744eb
2019-06-29T05:27:00.9036582-07:00:2019-06-29T05:27:00.9033176-07:00:Thread#0:T:done: UserRegistrationSteps.ThenIShouldNotBeTakenToTheAccountCreationPage() (0.0s)
2019-06-29T05:27:00.9042156-07:00:2019-06-29T05:27:00.9039639-07:00:Thread#0:B:And I should see an alert indicating the email address entered is invalid
2019-06-29T05:27:11.9677362-07:00:RPC Client disconnected, because 'Disposed'. 
LastMessage: 
Description:Reached end of stream.
Exception:<none>
2019-06-29T05:27:11.9704587-07:00:test thread #0 error: System.Threading.Tasks.TaskCanceledException: A task was canceled.
   at StreamJsonRpc.JsonRpc.InvokeCoreAsync[TResult](Nullable`1 id, String targetName, IReadOnlyList`1 arguments, CancellationToken cancellationToken, Boolean isParameterObject)
   at TechTalk.SpecFlow.Plus.RPC.Client.Invoke[T](String methodName, Object[] parameters)
   at TechTalk.SpecFlow.Plus.RPC.AsyncHelper.RunSync[TResult](Func`1 func)
   at TechTalk.SpecRun.Framework.TestThread.Run(ITestExecutionManager executionManagerForRun, CancellationToken cancellationToken)
   at TechTalk.SpecRun.Framework.AsyncTestThreadRunner.RunSync(TestExecutionManager executionManager, CancellationToken cancellationToken)
2019-06-29T05:27:11.9713635-07:00:test thread error: TechTalk.SpecRun.Framework.SpecRunException: At least one test thread aborted. ---> System.Threading.Tasks.TaskCanceledException: A task was canceled.
   at StreamJsonRpc.JsonRpc.InvokeCoreAsync[TResult](Nullable`1 id, String targetName, IReadOnlyList`1 arguments, CancellationToken cancellationToken, Boolean isParameterObject)
   at TechTalk.SpecFlow.Plus.RPC.Client.Invoke[T](String methodName, Object[] parameters)
   at TechTalk.SpecFlow.Plus.RPC.AsyncHelper.RunSync[TResult](Func`1 func)
   at TechTalk.SpecRun.Framework.TestThread.Run(ITestExecutionManager executionManagerForRun, CancellationToken cancellationToken)
   at TechTalk.SpecRun.Framework.AsyncTestThreadRunner.RunSync(TestExecutionManager executionManager, CancellationToken cancellationToken)
   --- End of inner exception stack trace ---
2019-06-29T05:27:11.9759178-07:00:Thread#-1:Scheduler: get next test for thread -1
2019-06-29T05:27:11.9759355-07:00:Thread#:Scheduler: at the end of normal test queue
2019-06-29T05:27:11.9759381-07:00:Thread#-1:Scheduler: enumerator for thread is at end
2019-06-29T05:27:11.9780572-07:00;Thread#12;Info;test run finished
2019-06-29T05:27:11.9781588-07:00;Thread#12;Info;publishing test results
2019-06-29T05:27:11.9782599-07:00;Thread#12;Info;Not publishing results.
2019-06-29T05:27:11.9783003-07:00;Thread#12;Info;test results published
2019-06-29T05:27:11.9783300-07:00;Thread#12;Info;generating reports
2019-06-29T05:27:12.0336376-07:00;Thread#12;Info;Starting external report generation process
2019-06-29T05:27:12.9375791-07:00;Thread#12;Info;Successfully generated reports.
2019-06-29T05:27:12.9389362-07:00;Thread#12;Info;Successfully generated reports
2019-06-29T05:27:12.9434518-07:00:Total: 1 (test executions: 0)
2019-06-29T05:27:12.9452256-07:00:Succeeded: 0
2019-06-29T05:27:12.9456105-07:00:Ignored: 0
2019-06-29T05:27:12.9459822-07:00:Pending: 0
2019-06-29T05:27:12.9459878-07:00:Skipped: 0
2019-06-29T05:27:12.9463527-07:00:Failed: 0
2019-06-29T05:27:12.9479344-07:00;VSTestExecutionThread;Info;Adding attachments to VSTest
2019-06-29T05:27:12.9479935-07:00;VSTestExecutionThread;Info;adding Test Execution Report 'D:\Code\VisualStudio\AutomationDemo\TestResults\Unnamed project__2019-06-29T052647.html'
========== End of log file ==========
