2019-06-29T05:28:57.9579293-07:00;VSTestExecutionThread;Info;SpecFlow+Runner execution started
2019-06-29T05:28:57.9579627-07:00;VSTestExecutionThread;Info;SpecFlow+Runner 3.0.352 in Framework netcore21 in x64 mode execution started
2019-06-29T05:28:57.9579651-07:00;VSTestExecutionThread;Info;TestAdapter Location: D:\Code\VisualStudio\AutomationDemo\bin\Debug\netcoreapp2.1\TechTalk.SpecRun.VisualStudio.TestAdapter.dll
2019-06-29T05:28:57.9953656-07:00;VSTestExecutionThread;Info;SpecRun: running tests in D:\Code\VisualStudio\AutomationDemo\bin\Debug\netcoreapp2.1\WebShopDemo.dll
2019-06-29T05:28:57.9955630-07:00;VSTestExecutionThread;Info;Output folder configured to "D:\Code\VisualStudio\AutomationDemo\TestResults" (default)
2019-06-29T05:28:57.9956539-07:00;VSTestExecutionThread;Info;Profile: 
2019-06-29T05:28:58.0349034-07:00;VSTestExecutionThread;Info;Log file path: D:\Code\VisualStudio\AutomationDemo\TestResults\Unnamed project__2019-06-29T052857.log
2019-06-29T05:28:58.0360933-07:00;VSTestExecutionThread;Error;Invalid project license: The test assembly name must contain the licensed project name
2019-06-29T05:28:58.0427472-07:00;VSTestExecutionThread;Info;SpecFlow+Runner Evaluation Mode: Please purchase at http://www.specflow.org/plus to remove test execution delay.
2019-06-29T05:28:58.0500617-07:00;Thread#12;Info;Checking license
2019-06-29T05:28:58.0502484-07:00;Thread#12;Error;Invalid project license: The test assembly name must contain the licensed project name
2019-06-29T05:28:58.0509226-07:00;Thread#12;Error;Invalid project license: The test assembly name must contain the licensed project name
2019-06-29T05:28:58.0644885-07:00;Thread#12;Info;Evaluation mode: test execution starts in 14 seconds... (this delay is removed in the registered version)
2019-06-29T05:29:12.0657820-07:00;Thread#12;Info;Evaluation delay finished.
2019-06-29T05:29:12.0722946-07:00;Thread#12;Info;License check completed
2019-06-29T05:29:12.0723880-07:00;Thread#12;Info;starting test run
2019-06-29T05:29:12.0817354-07:00;Thread#12;Info;Discovering target: Default
2019-06-29T05:29:12.0818416-07:00;Thread#12;Info;Discovering tests from assembly: D:\Code\VisualStudio\AutomationDemo\bin\Debug\netcoreapp2.1\WebShopDemo.dll
2019-06-29T05:29:12.1901394-07:00;Thread#12;Info;Discovered tests from assembly: D:\Code\VisualStudio\AutomationDemo\bin\Debug\netcoreapp2.1\WebShopDemo.dll
2019-06-29T05:29:12.1909360-07:00:Test Suite Dump
2019-06-29T05:29:12.1922372-07:00:#0: Unnamed project/ - 
2019-06-29T05:29:12.1922485-07:00:#1: Default - 
2019-06-29T05:29:12.1922499-07:00:#2: WebShopDemo - 
2019-06-29T05:29:12.1922509-07:00:#3: UserRegistration - 
2019-06-29T05:29:12.1922652-07:00:#6: Attempt to begin registration with invalid email, 12341234@3333 - TestAssembly:WebShopDemo/Feature:UserRegistration/Scenario:Attempt+to+begin+registration+with+invalid+email%2c+12341234%403333
2019-06-29T05:29:12.1923108-07:00:End: Test Suite Dump
2019-06-29T05:29:12.2053813-07:00:Thread#0:Scheduler: get next test for thread 0
2019-06-29T05:29:12.2069971-07:00:Thread#:Scheduler: testitem #6 from normal test queue 
2019-06-29T05:29:12.2070426-07:00:Thread#0:Scheduler: considering testitem #6 for thread 0
2019-06-29T05:29:12.2095012-07:00:Thread#0:TestItem#6:testItemMatchesCurrentTestThread:UnSpecific
2019-06-29T05:29:12.2095081-07:00:Thread#0:TestItem#6:runsOnOneOtherThreadSpecific:False
2019-06-29T05:29:12.2095094-07:00:Thread#0:TestItem#6:runsOnOneOtherThreadUnspecific:False
2019-06-29T05:29:12.2095110-07:00:Thread#0:Scheduler: using testitem #6 for thread 0
2019-06-29T05:29:12.2104320-07:00:Thread#0:Scheduler: Test #6 is scheduled for thread
2019-06-29T05:29:12.2111710-07:00:Thread#0:Scheduler: with testItemExecutionIndex 0
2019-06-29T05:29:12.2131153-07:00:Thread #0: creating new test thread executor for WebShopDemo, Version=1.0.0.0, Culture=neutral, PublicKeyToken=null (target: Default)
2019-06-29T05:29:12.2145916-07:00:Thread #0: Creating test assembly executor for execution model OutProc
2019-06-29T05:29:12.2150601-07:00:Thread #0: Creating test assembly executor for execution model OutProc
2019-06-29T05:29:12.2153758-07:00:using TechTalk.SpecRun.Framework.Execution.OutOfProc.StreamJsonRPC.OutOfProcessTestAssemblyExecutorHost to execute tests
2019-06-29T05:29:12.2261731-07:00:Assembly resolving Microsoft.VisualStudio.Validation, Version=15.3.0.0, Culture=neutral, PublicKeyToken=b03f5f7f11d50a3a
2019-06-29T05:29:12.2396167-07:00:starting Out Of Process Executor
2019-06-29T05:29:12.3174779-07:00:Executing test executor at 'C:\Program Files\dotnet\dotnet.exe' '"D:\Code\VisualStudio\AutomationDemo\bin\Debug\netcoreapp2.1\SpecFlowPlusRunner\netcoreapp2.1\TechTalk.SpecRun.Framework.Executor.anycpu.netcoreapp2_1.dll" 260 2019-06-29T052857 "D:\Code\VisualStudio\AutomationDemo\TestResults" debug' in 'D:\Code\VisualStudio\AutomationDemo\bin\Debug\netcoreapp2.1'
2019-06-29T05:29:12.3183165-07:00;Thread#12;Info;Starting SpecFlow+ Runner executor process with attached debugger...
2019-06-29T05:29:12.3360354-07:00;Thread#12;Info;Successfully started SpecFlow+ Runner executor process
2019-06-29T05:29:12.3361519-07:00:Entering Memory Barrier for 19784
2019-06-29T05:29:12.3361537-07:00:Leaving Memory Barrier for 19784
2019-06-29T05:29:12.3392300-07:00:Out of Process Executor 19784 started
2019-06-29T05:29:12.3521348-07:00:Waiting for endpoint
2019-06-29T05:29:12.3531339-07:00:trying to connect to Out of Process Executor the 1 attempt
2019-06-29T05:29:12.6198027-07:00:waiting for Connection of SpecRun.Executor.19784.Logger ended
2019-06-29T05:29:12.6303655-07:00:Assembly resolving Microsoft.VisualStudio.Threading, Version=15.3.0.0, Culture=neutral, PublicKeyToken=b03f5f7f11d50a3a
2019-06-29T05:29:12.6887123-07:00:Connection to Out of Process Executor established in the 1 attempt
2019-06-29T05:29:12.9107076-07:00:waiting for Connection of SpecRun.Executor.19784.Callback ended
2019-06-29T05:29:13.0401352-07:00:2019-06-29T05:29:12.9803191-07:00:OutOfProcessTestAssemblyExecutor: initialized for D:\Code\VisualStudio\AutomationDemo\bin\Debug\netcoreapp2.1\WebShopDemo.dll on test thread #0
2019-06-29T05:29:13.0521457-07:00:Endpoint 19784 started
2019-06-29T05:29:13.0701367-07:00:2019-06-29T05:29:13.0667139-07:00:OutOfProcessTestAssemblyExecutor: running tests...
2019-06-29T05:29:13.1425255-07:00:Thread#0: Test #6/0 is started on thread #0
2019-06-29T05:29:13.1545801-07:00:2019-06-29T05:29:13.1537599-07:00:Thread#0:T:2019-06-29T05:29:13.1524216-07:00:Assembly resolving TechTalk.SpecFlow, Version=3.0.0.0, Culture=neutral, PublicKeyToken=0778194805d6db41
2019-06-29T05:29:13.2839480-07:00:2019-06-29T05:29:13.2831821-07:00:Thread#0:T:-> Loading plugin D:\Code\VisualStudio\AutomationDemo\bin\Debug\netcoreapp2.1\SpecRun.Runtime.SpecFlowPlugin.dll
2019-06-29T05:29:13.2899913-07:00:2019-06-29T05:29:13.2893583-07:00:Thread#0:T:2019-06-29T05:29:13.2892664-07:00:Assembly resolving TechTalk.SpecFlow, Version=3.0.0.0, Culture=neutral, PublicKeyToken=0778194805d6db41
2019-06-29T05:29:13.2963758-07:00:2019-06-29T05:29:13.2934192-07:00:Thread#0:T:-> Using default config
2019-06-29T05:29:13.3438980-07:00:2019-06-29T05:29:13.3431687-07:00:Thread#0:T:2019-06-29T05:29:13.3430293-07:00:Assembly resolving WebDriver, Version=3.141.0.0, Culture=neutral, PublicKeyToken=null
2019-06-29T05:29:15.0283162-07:00:2019-06-29T05:29:15.0273241-07:00:Thread#0:B:Given I am an unregistered user
2019-06-29T05:29:15.0416810-07:00:2019-06-29T05:29:15.0400487-07:00:Thread#0:T:done: UserRegistrationSteps.GivenIAmAnUnregisteredUser() (0.0s)
2019-06-29T05:29:15.0432276-07:00:2019-06-29T05:29:15.0428493-07:00:Thread#0:B:And I have navigated to the Sign in page
2019-06-29T05:29:16.8939633-07:00:2019-06-29T05:29:16.8885322-07:00:Thread#0:T:done: UserRegistrationSteps.GivenIHaveNavigatedToTheSignInPage() (1.8s)
2019-06-29T05:29:16.8971357-07:00:2019-06-29T05:29:16.8967111-07:00:Thread#0:B:When I attempt to begin registration using the email adress "12341234@3333"
2019-06-29T05:29:17.0506436-07:00:2019-06-29T05:29:17.0501770-07:00:Thread#0:T:done: UserRegistrationSteps.WhenIAttemptToBeginRegistrationUsingTheEmailAdress("12341234@3333") (0.1s)
2019-06-29T05:29:17.0518052-07:00:2019-06-29T05:29:17.0514402-07:00:Thread#0:B:Then I should not be taken to the Account Creation page
2019-06-29T05:29:17.0531041-07:00:2019-06-29T05:29:17.0527615-07:00:Thread#0:T:2019-06-29T05:29:17.0526738-07:00:Assembly resolving nunit.framework, Version=3.12.0.0, Culture=neutral, PublicKeyToken=2638cd05610744eb
2019-06-29T05:29:17.0672646-07:00:2019-06-29T05:29:17.0666620-07:00:Thread#0:T:done: UserRegistrationSteps.ThenIShouldNotBeTakenToTheAccountCreationPage() (0.0s)
2019-06-29T05:29:17.0681665-07:00:2019-06-29T05:29:17.0677256-07:00:Thread#0:B:And I should see an alert indicating the email address entered is invalid
2019-06-29T05:29:17.1013014-07:00:RPC Client disconnected, because 'Disposed'. 
LastMessage: 
Description:Reached end of stream.
Exception:<none>
2019-06-29T05:29:17.1043819-07:00:test thread #0 error: System.Threading.Tasks.TaskCanceledException: A task was canceled.
   at StreamJsonRpc.JsonRpc.InvokeCoreAsync[TResult](Nullable`1 id, String targetName, IReadOnlyList`1 arguments, CancellationToken cancellationToken, Boolean isParameterObject)
   at TechTalk.SpecFlow.Plus.RPC.Client.Invoke[T](String methodName, Object[] parameters)
   at TechTalk.SpecFlow.Plus.RPC.AsyncHelper.RunSync[TResult](Func`1 func)
   at TechTalk.SpecRun.Framework.TestThread.Run(ITestExecutionManager executionManagerForRun, CancellationToken cancellationToken)
   at TechTalk.SpecRun.Framework.AsyncTestThreadRunner.RunSync(TestExecutionManager executionManager, CancellationToken cancellationToken)
2019-06-29T05:29:17.1054547-07:00:test thread error: TechTalk.SpecRun.Framework.SpecRunException: At least one test thread aborted. ---> System.Threading.Tasks.TaskCanceledException: A task was canceled.
   at StreamJsonRpc.JsonRpc.InvokeCoreAsync[TResult](Nullable`1 id, String targetName, IReadOnlyList`1 arguments, CancellationToken cancellationToken, Boolean isParameterObject)
   at TechTalk.SpecFlow.Plus.RPC.Client.Invoke[T](String methodName, Object[] parameters)
   at TechTalk.SpecFlow.Plus.RPC.AsyncHelper.RunSync[TResult](Func`1 func)
   at TechTalk.SpecRun.Framework.TestThread.Run(ITestExecutionManager executionManagerForRun, CancellationToken cancellationToken)
   at TechTalk.SpecRun.Framework.AsyncTestThreadRunner.RunSync(TestExecutionManager executionManager, CancellationToken cancellationToken)
   --- End of inner exception stack trace ---
2019-06-29T05:29:17.1101362-07:00:Thread#-1:Scheduler: get next test for thread -1
2019-06-29T05:29:17.1101567-07:00:Thread#:Scheduler: at the end of normal test queue
2019-06-29T05:29:17.1101625-07:00:Thread#-1:Scheduler: enumerator for thread is at end
2019-06-29T05:29:17.1124088-07:00;Thread#12;Info;test run finished
2019-06-29T05:29:17.1125126-07:00;Thread#12;Info;publishing test results
2019-06-29T05:29:17.1126269-07:00;Thread#12;Info;Not publishing results.
2019-06-29T05:29:17.1126532-07:00;Thread#12;Info;test results published
2019-06-29T05:29:17.1126674-07:00;Thread#12;Info;generating reports
2019-06-29T05:29:17.1723934-07:00;Thread#12;Info;Starting external report generation process
2019-06-29T05:29:18.0667500-07:00;Thread#12;Info;Successfully generated reports.
2019-06-29T05:29:18.0676877-07:00;Thread#12;Info;Successfully generated reports
2019-06-29T05:29:18.0749030-07:00:Total: 1 (test executions: 0)
2019-06-29T05:29:18.0767012-07:00:Succeeded: 0
2019-06-29T05:29:18.0770972-07:00:Ignored: 0
2019-06-29T05:29:18.0774753-07:00:Pending: 0
2019-06-29T05:29:18.0774810-07:00:Skipped: 0
2019-06-29T05:29:18.0778538-07:00:Failed: 0
2019-06-29T05:29:18.0794522-07:00;VSTestExecutionThread;Info;Adding attachments to VSTest
2019-06-29T05:29:18.0794759-07:00;VSTestExecutionThread;Info;adding Test Execution Report 'D:\Code\VisualStudio\AutomationDemo\TestResults\Unnamed project__2019-06-29T052857.html'
========== End of log file ==========
